<?xml version="1.0" encoding="UTF-8"?>
<!-- Generated by org.testng.reporters.JUnitXMLReporter -->
<testsuite ignored="4" hostname="Lenovo-PC" failures="0" tests="5" name="Add New Stock Test" time="22.668" errors="0" timestamp="2023-12-27T11:22:34 IST">
  <testcase classname="ff.tests.PortfolioManagement" name="selectPortfolio" time="1.664"/>
  <testcase classname="ff.tests.StockManagement" name="addNewStock" time="6.077"/>
  <testcase classname="ff.tests.StockManagement" name="verifyStockPresent" time="0.295"/>
  <testcase classname="ff.tests.StockManagement" name="verifyStockQuantity" time="0.244"/>
  <testcase classname="ff.tests.StockManagement" name="verifyTrasactionHistory" time="0.909"/>
  <testcase classname="testBase.BaseTest" name="@AfterTest afterTest" time="0.0">
    <ignored/>
  </testcase> <!-- @AfterTest afterTest -->
  <testcase classname="testBase.BaseTest" name="@BeforeTest beforeTest" time="0.0">
    <ignored/>
  </testcase> <!-- @BeforeTest beforeTest -->
  <testcase classname="ff.tests.PortfolioManagement" name="deletePortfolio" time="0.0">
    <ignored/>
  </testcase> <!-- deletePortfolio -->
  <testcase classname="ff.tests.PortfolioManagement" name="createPortfolio" time="0.0">
    <ignored/>
  </testcase> <!-- createPortfolio -->
</testsuite> <!-- Add New Stock Test -->
