<?xml version="1.0" encoding="UTF-8"?>
<!-- Generated by org.testng.reporters.JUnitXMLReporter -->
<testsuite ignored="0" hostname="Lenovo-PC" failures="0" tests="4" name="Add New Stock Test" time="43.25" errors="0" timestamp="2023-12-26T11:33:40 IST">
  <testcase classname="ff.tests.StockManagement" name="addNewStock" time="20.065"/>
  <testcase classname="ff.tests.StockManagement" name="verifyStockPresent" time="0.014"/>
  <testcase classname="ff.tests.StockManagement" name="verifyStockQuantity" time="0.002"/>
  <testcase classname="ff.tests.StockManagement" name="verifyTrasactionHistory" time="0.005"/>
</testsuite> <!-- Add New Stock Test -->
