<?xml version="1.0" encoding="UTF-8"?>
<!-- Generated by org.testng.reporters.JUnitXMLReporter -->
<testsuite ignored="2" hostname="Lenovo-PC" failures="0" tests="1" name="Create Portfolio Test" time="20.704" errors="0" timestamp="2023-12-27T15:49:32 IST">
  <testcase classname="ff.tests.PortfolioManagement" name="createPortfolio" time="3.72"/>
  <testcase classname="ff.tests.PortfolioManagement" name="selectPortfolio" time="0.0">
    <ignored/>
  </testcase> <!-- selectPortfolio -->
  <testcase classname="ff.tests.PortfolioManagement" name="deletePortfolio" time="0.0">
    <ignored/>
  </testcase> <!-- deletePortfolio -->
</testsuite> <!-- Create Portfolio Test -->
