<?xml version="1.0" encoding="UTF-8"?>
<!-- Generated by org.testng.reporters.JUnitXMLReporter -->
<testsuite ignored="2" hostname="Lenovo-PC" failures="0" tests="1" name="Delete Portfolio Test" time="18.198" errors="0" timestamp="2023-12-27T15:49:50 IST">
  <testcase classname="ff.tests.PortfolioManagement" name="deletePortfolio" time="5.051"/>
  <testcase classname="ff.tests.PortfolioManagement" name="createPortfolio" time="0.0">
    <ignored/>
  </testcase> <!-- createPortfolio -->
  <testcase classname="ff.tests.PortfolioManagement" name="selectPortfolio" time="0.0">
    <ignored/>
  </testcase> <!-- selectPortfolio -->
</testsuite> <!-- Delete Portfolio Test -->
