<?xml version="1.0" encoding="UTF-8"?>
<!-- Generated by org.testng.reporters.JUnitXMLReporter -->
<testsuite ignored="3" hostname="Lenovo-PC" failures="2" tests="2" name="Test 2" time="7.296" errors="0" timestamp="2023-12-21T15:10:39 IST">
  <testcase classname="ff.tests.Session" name="doLogin" time="6.641">
    <failure type="java.lang.ArithmeticException" message="/ by zero">
      <![CDATA[java.lang.ArithmeticException: / by zero
at ff.tests.Session.doLogin(Session.java:25)
at java.base/java.util.ArrayList.forEach(ArrayList.java:1511)
... Removed 25 stack frames]]>
    </failure>
  </testcase> <!-- doLogin -->
  <testcase classname="ff.tests.PortfolioManagement" name="deletePortfolio" time="0.508">
    <failure type="java.lang.AssertionError" message="The following asserts failed:
	Something failed">
      <![CDATA[java.lang.AssertionError: The following asserts failed:
Something failed
at keywords.GenericKeywords.assertAll(GenericKeywords.java:229)
at ff.tests.PortfolioManagement.deletePortfolio(PortfolioManagement.java:35)
at java.base/java.util.ArrayList.forEach(ArrayList.java:1511)
... Removed 27 stack frames]]>
    </failure>
  </testcase> <!-- deletePortfolio -->
  <testcase classname="testBase.BaseTest" name="@AfterTest afterTest" time="0.0">
    <ignored/>
  </testcase> <!-- @AfterTest afterTest -->
  <testcase classname="ff.tests.PortfolioManagement" name="createPortfolio" time="0.0">
    <ignored/>
  </testcase> <!-- createPortfolio -->
  <testcase classname="testBase.BaseTest" name="@BeforeTest beforeTest" time="0.0">
    <ignored/>
  </testcase> <!-- @BeforeTest beforeTest -->
</testsuite> <!-- Test 2 -->
