<?xml version="1.0" encoding="UTF-8"?>
<!-- Generated by org.testng.reporters.JUnitXMLReporter -->
<testsuite ignored="4" hostname="Lenovo-PC" failures="0" tests="5" name="Add New Stock Test" time="56.86" errors="0" timestamp="2023-12-28T11:22:14 IST">
  <testcase classname="ff.tests.PortfolioManagement" name="selectPortfolio" time="1.852"/>
  <testcase classname="ff.tests.StockManagement" name="addNewStock" time="17.009"/>
  <testcase classname="ff.tests.StockManagement" name="verifyStockPresent" time="0.59"/>
  <testcase classname="ff.tests.StockManagement" name="verifyStockQuantity" time="1.113"/>
  <testcase classname="ff.tests.StockManagement" name="verifyTrasactionHistory" time="2.131"/>
  <testcase classname="ff.tests.PortfolioManagement" name="deletePortfolio" time="0.0">
    <ignored/>
  </testcase> <!-- deletePortfolio -->
  <testcase classname="testBase.BaseTest" name="@BeforeTest beforeTest" time="0.0">
    <ignored/>
  </testcase> <!-- @BeforeTest beforeTest -->
  <testcase classname="ff.tests.PortfolioManagement" name="createPortfolio" time="0.0">
    <ignored/>
  </testcase> <!-- createPortfolio -->
  <testcase classname="testBase.BaseTest" name="@AfterTest afterTest" time="0.0">
    <ignored/>
  </testcase> <!-- @AfterTest afterTest -->
</testsuite> <!-- Add New Stock Test -->
