<?xml version="1.0" encoding="UTF-8"?>
<!-- Generated by org.testng.reporters.JUnitXMLReporter -->
<testsuite ignored="4" hostname="Lenovo-PC" failures="0" tests="5" name="Add New Stock-New Stock" time="24.928" errors="0" timestamp="2024-01-02T15:24:18 IST">
  <testcase classname="ff.tests.PortfolioManagement" name="selectPortfolio" time="0.43"/>
  <testcase classname="ff.tests.StockManagement" name="addNewStock" time="6.525"/>
  <testcase classname="ff.tests.StockManagement" name="verifyStockPresent" time="0.565"/>
  <testcase classname="ff.tests.StockManagement" name="verifyStockQuantity" time="0.338"/>
  <testcase classname="ff.tests.StockManagement" name="verifyTransactionHistory" time="1.405"/>
  <testcase classname="testBase.BaseTest" name="@AfterTest afterTest" time="0.0">
    <ignored/>
  </testcase> <!-- @AfterTest afterTest -->
  <testcase classname="ff.tests.PortfolioManagement" name="createPortfolio" time="0.0">
    <ignored/>
  </testcase> <!-- createPortfolio -->
  <testcase classname="testBase.BaseTest" name="@BeforeTest beforeTest" time="0.0">
    <ignored/>
  </testcase> <!-- @BeforeTest beforeTest -->
  <testcase classname="ff.tests.PortfolioManagement" name="deletePortfolio" time="0.0">
    <ignored/>
  </testcase> <!-- deletePortfolio -->
</testsuite> <!-- Add New Stock-New Stock -->
