<?xml version="1.0" encoding="UTF-8"?>
<!-- Generated by org.testng.reporters.JUnitXMLReporter -->
<testsuite ignored="4" hostname="Lenovo-PC" failures="0" tests="5" name="Add New Stock-New StockIteration-0" time="36.124" errors="0" timestamp="2024-01-02T19:23:31 IST">
  <testcase classname="ff.tests.PortfolioManagement" name="selectPortfolio" time="0.59"/>
  <testcase classname="ff.tests.StockManagement" name="addNewStock" time="6.89"/>
  <testcase classname="ff.tests.StockManagement" name="verifyStockPresent" time="0.309"/>
  <testcase classname="ff.tests.StockManagement" name="verifyStockQuantity" time="0.316"/>
  <testcase classname="ff.tests.StockManagement" name="verifyTransactionHistory" time="0.781"/>
  <testcase classname="ff.tests.PortfolioManagement" name="createPortfolio" time="0.0">
    <ignored/>
  </testcase> <!-- createPortfolio -->
  <testcase classname="testBase.BaseTest" name="@BeforeTest beforeTest" time="0.0">
    <ignored/>
  </testcase> <!-- @BeforeTest beforeTest -->
  <testcase classname="ff.tests.PortfolioManagement" name="deletePortfolio" time="0.0">
    <ignored/>
  </testcase> <!-- deletePortfolio -->
  <testcase classname="testBase.BaseTest" name="@AfterTest afterTest" time="0.0">
    <ignored/>
  </testcase> <!-- @AfterTest afterTest -->
</testsuite> <!-- Add New Stock-New StockIteration-0 -->
